<?xml version="1.0" encoding="UTF-8"?>
<!-- Generated by org.testng.reporters.JUnitReportReporter -->
<testsuite hostname="SHEFEENA" failures="0" tests="2" name="testScript.AdminUserSearch_Test" time="8.519" errors="0" timestamp="2024-12-06T13:06:23 IST" skipped="0">
  <testcase classname="testScript.AdminUserSearch_Test" name="searchForParticularUserNameAndPassword" time="4.628"/>
  <system-out/>
  <testcase classname="testScript.AdminUserSearch_Test" name="searchItemNotFound" time="3.891"/>
  <system-out/>
</testsuite> <!-- testScript.AdminUserSearch_Test -->
