<?xml version="1.0" encoding="UTF-8"?>
<!-- Generated by org.testng.reporters.JUnitReportReporter -->
<testsuite hostname="SHEFEENA" failures="0" tests="1" name="testScript.Add_SubCategoryTest" time="6.736" errors="0" timestamp="2024-12-12T12:08:03 IST" skipped="0">
  <testcase classname="testScript.Add_SubCategoryTest" name="toAddSubCategory" time="6.736"/>
  <system-out/>
</testsuite> <!-- testScript.Add_SubCategoryTest -->
