<?xml version="1.0" encoding="UTF-8"?>
<!-- Generated by org.testng.reporters.JUnitReportReporter -->
<testsuite hostname="SHEFEENA" failures="0" tests="1" name="testScript.Home_Test" time="4.152" errors="0" timestamp="2024-12-06T12:56:27 IST" skipped="0">
  <testcase classname="testScript.Home_Test" name="isTheUserIsAbleToLogOut" time="4.152"/>
  <system-out/>
</testsuite> <!-- testScript.Home_Test -->
