<?xml version="1.0" encoding="UTF-8"?>
<!-- Generated by org.testng.reporters.JUnitReportReporter -->
<testsuite hostname="SHEFEENA" failures="0" tests="1" name="testScript.AdminUserSearch_Test" time="19.057" errors="0" timestamp="2024-12-03T17:38:46 IST" skipped="0">
  <testcase classname="testScript.AdminUserSearch_Test" name="searchItemNotFound" time="19.057"/>
  <system-out/>
</testsuite> <!-- testScript.AdminUserSearch_Test -->
