<?xml version="1.0" encoding="UTF-8"?>
<!-- Generated by org.testng.reporters.JUnitReportReporter -->
<testsuite hostname="SHEFEENA" failures="0" tests="1" name="testScript.Search_SubCategoryTest" time="9.219" errors="0" timestamp="2024-12-06T19:53:25 IST" skipped="0">
  <testcase classname="testScript.Search_SubCategoryTest" name="verifyUserIsAbleToSearchWithSubCategoryName" time="9.219"/>
  <system-out/>
</testsuite> <!-- testScript.Search_SubCategoryTest -->
