<?xml version="1.0" encoding="UTF-8"?>
<!-- Generated by org.testng.reporters.JUnitReportReporter -->
<testsuite hostname="SHEFEENA" failures="0" tests="1" name="testScript.Login_Pagetest" time="4.426" errors="0" timestamp="2024-12-12T12:08:03 IST" skipped="0">
  <testcase classname="testScript.Login_Pagetest" name="verifyTheuserisAbleToLoginWithInvalidUsernameAndValidPassword" time="4.426"/>
  <system-out/>
</testsuite> <!-- testScript.Login_Pagetest -->
