<?xml version="1.0" encoding="UTF-8"?>
<!-- Generated by org.testng.reporters.JUnitReportReporter -->
<testsuite hostname="SHEFEENA" failures="0" tests="1" name="testScript.AddCategory_Test" time="16.862" errors="0" timestamp="2024-12-06T11:25:57 IST" skipped="0">
  <testcase classname="testScript.AddCategory_Test" name="toEnterCategory" time="16.862"/>
  <system-out/>
</testsuite> <!-- testScript.AddCategory_Test -->
