<?xml version="1.0" encoding="UTF-8"?>
<!-- Generated by org.testng.reporters.JUnitReportReporter -->
<testsuite hostname="SHEFEENA" failures="0" tests="1" name="testScript.Home_Test" time="20.357" errors="0" timestamp="2024-12-02T21:52:30 IST" skipped="0">
  <testcase classname="testScript.Home_Test" name="isTheUserIsAbleToLogOut" time="20.357"/>
  <system-out/>
</testsuite> <!-- testScript.Home_Test -->
