<?xml version="1.0" encoding="UTF-8"?>
<!-- Generated by org.testng.reporters.JUnitReportReporter -->
<testsuite hostname="SHEFEENA" failures="0" tests="1" name="testScript.ManageFooterText_Test" time="8.949" errors="0" timestamp="2024-12-06T20:45:05 IST" skipped="0">
  <testcase classname="testScript.ManageFooterText_Test" name="verifyTheUserIsAbleToManageFooterText" time="8.949"/>
  <system-out/>
</testsuite> <!-- testScript.ManageFooterText_Test -->
