<?xml version="1.0" encoding="UTF-8"?>
<!-- Generated by org.testng.reporters.JUnitReportReporter -->
<testsuite hostname="SHEFEENA" failures="0" tests="2" name="testScript.Login_Pagetest" time="5.748" errors="0" timestamp="2024-12-11T12:16:19 IST" skipped="0">
  <testcase classname="testScript.Login_Pagetest" name="verifyTheuserisAbleToLoginWithInvalidUsernameAndValidPassword" time="3.562"/>
  <system-out/>
  <testcase classname="testScript.Login_Pagetest" name="verifyTheuserisAbleToLoginWithInvalidUsernameAndValidPassword" time="2.186"/>
  <system-out/>
</testsuite> <!-- testScript.Login_Pagetest -->
