<?xml version="1.0" encoding="UTF-8"?>
<!-- Generated by org.testng.reporters.JUnitReportReporter -->
<testsuite hostname="SHEFEENA" failures="0" tests="1" name="testScript.ManageNews_Test" time="8.474" errors="0" timestamp="2024-12-06T20:09:08 IST" skipped="0">
  <testcase classname="testScript.ManageNews_Test" name="toManageNews" time="8.474"/>
  <system-out/>
</testsuite> <!-- testScript.ManageNews_Test -->
