<?xml version="1.0" encoding="UTF-8"?>
<!-- Generated by org.testng.reporters.JUnitReportReporter -->
<testsuite hostname="SHEFEENA" failures="0" tests="1" name="testScript.Search_CategoryTest" time="17.697" errors="0" timestamp="2024-12-06T19:09:30 IST" skipped="0">
  <testcase classname="testScript.Search_CategoryTest" name="verifyTheUserIsAbleToDisplayTheSearchedCategory" time="17.697"/>
  <system-out/>
</testsuite> <!-- testScript.Search_CategoryTest -->
