<?xml version="1.0" encoding="UTF-8"?>
<!-- Generated by org.testng.reporters.JUnitReportReporter -->
<testsuite hostname="SHEFEENA" failures="0" tests="1" name="testScript.AdminUser_Test" time="12.464" errors="0" timestamp="2024-12-06T13:02:03 IST" skipped="0">
  <testcase classname="testScript.AdminUser_Test" name="userIsAbleToAddNewAdminWithduplicateDetails" time="12.464"/>
  <system-out/>
</testsuite> <!-- testScript.AdminUser_Test -->
