<?xml version="1.0" encoding="UTF-8"?>
<!-- Generated by org.testng.reporters.JUnitReportReporter -->
<testsuite hostname="SHEFEENA" failures="0" tests="1" name="testScript.AdminUser_Test" time="18.031" errors="0" timestamp="2024-12-03T15:19:29 IST" skipped="0">
  <testcase classname="testScript.AdminUser_Test" name="userIsAbleToAddNewAdminWithduplicateDetails" time="18.031"/>
  <system-out/>
</testsuite> <!-- testScript.AdminUser_Test -->
